<?xml version="1.0" encoding="UTF-8" ?>
<testsuite errors="4" failures="0" hostname="PKLAPTOP" name="dk.pop.srs.sag.SagsKatalogTest" tests="4" time="0.361" timestamp="2013-05-30T08:50:54">
  <properties>
    <property name="netbeans.autoupdate.country" value="DK" />
    <property name="javac.test.classpath" value="/usr/local/netbeans-7.3/java/modules/ext/AbsoluteLayout.jar:/usr/local/netbeans-7.3/ide/modules/ext/mysql-connector-java-5.1.18-bin.jar:build/classes:/usr/local/netbeans-7.3/platform/modules/ext/junit-4.10.jar" />
    <property name="libs.junit.javadoc" value="/usr/local/netbeans-7.3/java/docs/junit-3.8.2-api.zip" />
    <property name="ant.core.lib" value="/usr/local/netbeans-7.3/java/ant/lib/ant.jar" />
    <property name="javadoc.windowtitle" value="" />
    <property name="user.dir" value="/home/patrick/github/srs/SRS_School" />
    <property name="libs.hibernate-persistence.javadoc" value="" />
    <property name="java.vm.version" value="23.21-b01" />
    <property name="libs.MySQLDriver.classpath" value="/usr/local/netbeans-7.3/ide/modules/ext/mysql-connector-java-5.1.18-bin.jar" />
    <property name="libs.eclipselinkmodelgen.src" value="" />
    <property name="javadoc.notree" value="false" />
    <property name="netbeans.autoupdate.version" value="1.23" />
    <property name="libs.hibernate-support.maven-pom" value="" />
    <property name="libs.hibernate-support.javadoc" value="" />
    <property name="jdk.home" value="/java/jdk1.7.0_21" />
    <property name="libs.javac-api.src" value="" />
    <property name="javadoc.noindex" value="false" />
    <property name="sun.os.patch.level" value="unknown" />
    <property name="do.archive+manifest.available" value="true" />
    <property name="java.vm.specification.name" value="Java Virtual Machine Specification" />
    <property name="nb.show.statistics.ui" value="usageStatisticsEnabled" />
    <property name="netbeans.autoupdate.variant" value="" />
    <property name="have.tests" value="true" />
    <property name="org.xml.sax.driver" value="com.sun.org.apache.xerces.internal.jaxp.SAXParserImpl$JAXPSAXParser" />
    <property name="libs.javac-api.javadoc" value="" />
    <property name="os.name" value="Linux" />
    <property name="libs.beans-binding.classpath" value="/usr/local/netbeans-7.3/java/modules/ext/beansbinding-1.2.1.jar" />
    <property name="ap.proc.none.internal" value="" />
    <property name="libs.JWSAntTasks.maven-pom" value="" />
    <property name="libs.testng.src" value="" />
    <property name="java.vendor.url.bug" value="http://bugreport.sun.com/bugreport/" />
    <property name="libs.jaxb.maven-pom" value="" />
    <property name="os.arch" value="i386" />
    <property name="libs.eclipselink.src" value="" />
    <property name="user.name" value="patrick" />
    <property name="copylibs.rebase" value="true" />
    <property name="manifest.available+main.class" value="true" />
    <property name="libs.swing-layout.maven-pom" value="" />
    <property name="sun.java.command" value="org.apache.tools.ant.taskdefs.optional.junit.JUnitTestRunner dk.pop.srs.sag.SagsKatalogTest filtertrace=true haltOnError=false haltOnFailure=false showoutput=true outputtoformatters=true logfailedtests=true logtestlistenerevents=true formatter=org.apache.tools.ant.taskdefs.optional.junit.BriefJUnitResultFormatter formatter=org.apache.tools.ant.taskdefs.optional.junit.XMLJUnitResultFormatter,/home/patrick/github/srs/SRS_School/build/test/results/TEST-dk.pop.srs.sag.SagsKatalogTest.xml crashfile=/home/patrick/github/srs/SRS_School/build/junitvmwatcher1175901183444894359.properties propsfile=/home/patrick/github/srs/SRS_School/build/junit7121042737035102514.properties" />
    <property name="build.classes.dir" value="build/classes" />
    <property name="netbeans.accept_license_class" value="org.netbeans.license.AcceptLicense" />
    <property name="build.sysclasspath" value="ignore" />
    <property name="ap.supported.internal" value="true" />
    <property name="libs.jaxws21.javadoc" value="/usr/local/netbeans-7.3/java/docs/jaxws-api-doc.zip" />
    <property name="includes" value="**" />
    <property name="user.country" value="DK" />
    <property name="manifest.file" value="manifest.mf" />
    <property name="javadoc.encoding" value="UTF-8" />
    <property name="javac.classpath" value="/usr/local/netbeans-7.3/java/modules/ext/AbsoluteLayout.jar:/usr/local/netbeans-7.3/ide/modules/ext/mysql-connector-java-5.1.18-bin.jar" />
    <property name="debug-transport" value="dt_socket" />
    <property name="netbeans.system_http_non_proxy_hosts" value="" />
    <property name="netbeans.home" value="/usr/local/netbeans-7.3/platform" />
    <property name="build.compiler.emacs" value="true" />
    <property name="libs.ejb3-persistence.src" value="" />
    <property name="java.endorsed.dirs" value="/java/jdk1.7.0_21/jre/lib/endorsed" />
    <property name="&gt;&gt;&gt;&gt;&gt;&gt;&gt;" value="0a00fe551151090f375350fd2d82423d8e553e66" />
    <property name="netbeans.dynamic.classpath" value="/usr/local/netbeans-7.3/platform/core/core.jar:/usr/local/netbeans-7.3/platform/core/org-openide-filesystems.jar:/usr/local/netbeans-7.3/platform/core/locale/org-openide-filesystems_ja.jar:/usr/local/netbeans-7.3/platform/core/locale/core_zh_CN.jar:/usr/local/netbeans-7.3/platform/core/locale/org-openide-filesystems_pt_BR.jar:/usr/local/netbeans-7.3/platform/core/locale/org-openide-filesystems_zh_CN.jar:/usr/local/netbeans-7.3/platform/core/locale/core_pt_BR.jar:/usr/local/netbeans-7.3/platform/core/locale/org-openide-filesystems_ru.jar:/usr/local/netbeans-7.3/platform/core/locale/core_ja.jar:/usr/local/netbeans-7.3/platform/core/locale/core_ru.jar:/usr/local/netbeans-7.3/nb/core/org-netbeans-upgrader.jar:/usr/local/netbeans-7.3/nb/core/locale/org-netbeans-upgrader_zh_CN.jar:/usr/local/netbeans-7.3/nb/core/locale/core_nb.jar:/usr/local/netbeans-7.3/nb/core/locale/org-netbeans-upgrader_ru.jar:/usr/local/netbeans-7.3/nb/core/locale/org-netbeans-upgrader_ja.jar:/usr/local/netbeans-7.3/nb/core/locale/org-netbeans-upgrader_pt_BR.jar" />
    <property name="java.vm.specification.version" value="1.7" />
    <property name="ant.file.type.SRS_School" value="file" />
    <property name="netbeans.productversion" value="NetBeans IDE 7.3 (Build 201302132200)" />
    <property name="libs.hibernate-persistence.classpath" value="/usr/local/netbeans-7.3/java/modules/ext/hibernate/antlr-2.7.6.jar:/usr/local/netbeans-7.3/java/modules/ext/hibernate/asm.jar:/usr/local/netbeans-7.3/java/modules/ext/hibernate/asm-attrs.jar:/usr/local/netbeans-7.3/java/modules/ext/hibernate/cglib-2.1.3.jar:/usr/local/netbeans-7.3/java/modules/ext/hibernate/commons-collections-2.1.1.jar:/usr/local/netbeans-7.3/ide/modules/org-apache-commons-logging.jar:/usr/local/netbeans-7.3/java/modules/ext/hibernate/dom4j-1.6.1.jar:/usr/local/netbeans-7.3/java/modules/ext/hibernate/ehcache-1.2.3.jar:/usr/local/netbeans-7.3/java/modules/ext/hibernate/jdbc2_0-stdext.jar:/usr/local/netbeans-7.3/java/modules/ext/hibernate/jta.jar:/usr/local/netbeans-7.3/java/modules/ext/hibernate/hibernate3.jar:/usr/local/netbeans-7.3/java/modules/ext/hibernate/hibernate-tools.jar:/usr/local/netbeans-7.3/java/modules/ext/hibernate/hibernate-annotations.jar:/usr/local/netbeans-7.3/java/modules/ext/hibernate/hibernate-commons-annotations.jar:/usr/local/netbeans-7.3/java/modules/ext/hibernate/hibernate-entitymanager.jar:/usr/local/netbeans-7.3/java/modules/ext/hibernate/javassist.jar:/usr/local/netbeans-7.3/java/modules/ext/hibernate/ejb3-persistence.jar" />
    <property name="libs.jaxws21.src" value="" />
    <property name="application.title" value="SRS_School" />
    <property name="do.archive" value="true" />
    <property name="netbeans.autoupdate.language" value="da" />
    <property name="java.vendor" value="Oracle Corporation" />
    <property name="sun.font.fontmanager" value="sun.awt.X11FontManager" />
    <property name="jar.index.metainf" value="false" />
    <property name="javac.debug" value="true" />
    <property name="javadoc.splitindex" value="true" />
    <property name="file.separator" value="/" />
    <property name="libs.junit_4.maven-pom" value="" />
    <property name="mkdist.disabled" value="false" />
    <property name="javac.test.processorpath" value="/usr/local/netbeans-7.3/java/modules/ext/AbsoluteLayout.jar:/usr/local/netbeans-7.3/ide/modules/ext/mysql-connector-java-5.1.18-bin.jar:build/classes:/usr/local/netbeans-7.3/platform/modules/ext/junit-4.10.jar" />
    <property name="netbeans.buildnumber" value="201302132200" />
    <property name="libs.JWSAntTasks.javadoc" value="" />
    <property name="build.generated.sources.dir" value="build/generated-sources" />
    <property name="libs.eclipselinkmodelgen.classpath" value="/usr/local/netbeans-7.3/java/modules/ext/eclipselink/org.eclipse.persistence.jpa.modelgen.processor-2.3.2.jar" />
    <property name="sun.java.launcher" value="SUN_STANDARD" />
    <property name="libs.junit.classpath" value="/usr/local/netbeans-7.3/java/modules/ext/junit-3.8.2.jar" />
    <property name="libs.jaxb.javadoc" value="/usr/local/netbeans-7.3/ide/docs/jaxb-api-doc.zip" />
    <property name="ant.home" value="/usr/local/netbeans-7.3/java/ant" />
    <property name="libs.junit_4.src" value="/usr/local/netbeans-7.3/java/docs/junit-4.10-sources.jar" />
    <property name="libs.testng.classpath" value="/usr/local/netbeans-7.3/platform/modules/ext/testng-6.5.1-dist.jar" />
    <property name="libs.absolutelayout.maven-pom" value="" />
    <property name="ant.java.version" value="1.7" />
    <property name="java.library.path" value="/java/jdk1.7.0_21/jre/lib/amd64:/java/jdk1.7.0_21/jre/lib/i386::/usr/java/packages/lib/i386:/lib:/usr/lib" />
    <property name="javadoc.author" value="false" />
    <property name="manifest.available+main.class-mkdist.available" value="true" />
    <property name="java.util.logging.config.class" value="org.netbeans.core.startup.TopLogging" />
    <property name="libs.PostgreSQLDriver.src" value="" />
    <property name="sun.arch.data.model" value="32" />
    <property name="basedir" value="/home/patrick/github/srs/SRS_School" />
    <property name="libs.jpa20-persistence.maven-pom" value="" />
    <property name="jar.compress" value="false" />
    <property name="path.separator" value=":" />
    <property name="ant.junit.enabletestlistenerevents" value="true" />
    <property name="sun.io.unicode.encoding" value="UnicodeLittle" />
    <property name="libs.jaxws21.classpath" value="/usr/local/netbeans-7.3/ide/modules/ext/jaxb/jaxb-impl.jar:/usr/local/netbeans-7.3/ide/modules/ext/jaxb/jaxb-xjc.jar:/usr/local/netbeans-7.3/java/modules/ext/jaxws22/FastInfoset.jar:/usr/local/netbeans-7.3/java/modules/ext/jaxws22/gmbal-api-only.jar:/usr/local/netbeans-7.3/java/modules/ext/jaxws22/ha-api.jar:/usr/local/netbeans-7.3/java/modules/ext/jaxws22/javax.mail_1.4.jar:/usr/local/netbeans-7.3/java/modules/ext/jaxws22/jaxws-rt.jar:/usr/local/netbeans-7.3/java/modules/ext/jaxws22/jaxws-tools.jar:/usr/local/netbeans-7.3/java/modules/ext/jaxws22/management-api.jar:/usr/local/netbeans-7.3/java/modules/ext/jaxws22/mimepull.jar:/usr/local/netbeans-7.3/java/modules/ext/jaxws22/policy.jar:/usr/local/netbeans-7.3/java/modules/ext/jaxws22/saaj-impl.jar:/usr/local/netbeans-7.3/java/modules/ext/jaxws22/stax-ex.jar:/usr/local/netbeans-7.3/java/modules/ext/jaxws22/stax2-api.jar:/usr/local/netbeans-7.3/java/modules/ext/jaxws22/streambuffer.jar:/usr/local/netbeans-7.3/java/modules/ext/jaxws22/woodstox-core-asl.jar:/usr/local/netbeans-7.3/java/modules/ext/jaxws22/api/jaxws-api.jar:/usr/local/netbeans-7.3/java/modules/ext/jaxws22/api/jsr181-api.jar:/usr/local/netbeans-7.3/java/modules/ext/jaxws22/api/javax.annotation.jar:/usr/local/netbeans-7.3/java/modules/ext/jaxws22/api/saaj-api.jar:/usr/local/netbeans-7.3/ide/modules/ext/jaxb/activation.jar:/usr/local/netbeans-7.3/ide/modules/ext/jaxb/api/jaxb-api.jar:/usr/local/netbeans-7.3/ide/modules/ext/jaxb/api/jsr173_1.0_api.jar" />
    <property name="compile.on.save" value="false" />
    <property name="apple.awt.graphics.UseQuartz" value="true" />
    <property name="user.language" value="da" />
    <property name="testng.mode" value="testng" />
    <property name="libs.JAXB-ENDORSED.maven-pom" value="" />
    <property name="libs.spring-framework.classpath" value="/usr/local/netbeans-7.3/ide/modules/org-apache-commons-logging.jar:/usr/local/netbeans-7.3/java/modules/ext/cglib-2.2.jar:/usr/local/netbeans-7.3/java/modules/ext/spring/spring-2.5.6.SEC03.jar" />
    <property name="libs.eclipselink.maven-pom" value="" />
    <property name="application.vendor" value="patrick" />
    <property name="test.binaryincludes" value="&lt;nothing&gt;" />
    <property name="manifest.available" value="true" />
    <property name="libs.spring-framework300.maven-pom" value="" />
    <property name="run.test.classpath" value="/usr/local/netbeans-7.3/java/modules/ext/AbsoluteLayout.jar:/usr/local/netbeans-7.3/ide/modules/ext/mysql-connector-java-5.1.18-bin.jar:build/classes:/usr/local/netbeans-7.3/platform/modules/ext/junit-4.10.jar:build/test/classes" />
    <property name="ant.project.invoked-targets" value="test" />
    <property name="test.binaryexcludes" value="" />
    <property name="libs.swing-layout.javadoc" value="/usr/local/netbeans-7.3/platform/docs/swing-layout-1.0.4-doc.zip" />
    <property name="sun.java2d.dpiaware" value="true" />
    <property name="libs.ejb3-persistence.maven-pom" value="" />
    <property name="libs.PostgreSQLDriver.maven-pom" value="" />
    <property name="java.class.version" value="51.0" />
    <property name="netbeans.system_http_proxy" value="DIRECT" />
    <property name="libs.eclipselink.javadoc" value="" />
    <property name="user.properties.file" value="/home/patrick/.netbeans/7.3/build.properties" />
    <property name="runtime.encoding" value="UTF-8" />
    <property name="libs.spring-framework.src" value="" />
    <property name="libs.javac-api.maven-pom" value="" />
    <property name="file.encoding.pkg" value="sun.io" />
    <property name="sun.cpu.endian" value="little" />
    <property name="libs.JAXB-ENDORSED.javadoc" value="" />
    <property name="libs.JWSAntTasks.classpath" value="/usr/local/netbeans-7.3/java/ant/extra/org-netbeans-modules-javawebstart-anttasks.jar" />
    <property name="libs.spring-framework300.src" value="" />
    <property name="empty.dir" value="/home/patrick/github/srs/SRS_School/build/empty" />
    <property name="&lt;&lt;&lt;&lt;&lt;&lt;&lt;" value="HEAD" />
    <property name="version-output" value="java version &quot;1.7" />
    <property name="test.binarytestincludes" value="" />
    <property name="javadoc.preview" value="true" />
    <property name="libs.jpa20-persistence.javadoc" value="" />
    <property name="java.home" value="/java/jdk1.7.0_21/jre" />
    <property name="debug.test.classpath" value="/usr/local/netbeans-7.3/java/modules/ext/AbsoluteLayout.jar:/usr/local/netbeans-7.3/ide/modules/ext/mysql-connector-java-5.1.18-bin.jar:build/classes:/usr/local/netbeans-7.3/platform/modules/ext/junit-4.10.jar:build/test/classes" />
    <property name="netbeans.importclass" value="org.netbeans.upgrade.AutoUpgrade" />
    <property name="ant.project.default-target" value="default" />
    <property name="annotation.processing.run.all.processors" value="true" />
    <property name="libs.PostgreSQLDriver.javadoc" value="" />
    <property name="libs.MySQLDriver.maven-pom" value="" />
    <property name="libs.junit_4.javadoc" value="/usr/local/netbeans-7.3/java/docs/junit-4.10-javadoc.jar" />
    <property name="run.classpath" value="/usr/local/netbeans-7.3/java/modules/ext/AbsoluteLayout.jar:/usr/local/netbeans-7.3/ide/modules/ext/mysql-connector-java-5.1.18-bin.jar:build/classes" />
    <property name="libs.hibernate-support.src" value="" />
    <property name="jna.boot.library.name" value="jnidispatch-340" />
    <property name="sun.awt.datatransfer.timeout" value="1000" />
    <property name="annotation.processing.enabled.in.editor" value="false" />
    <property name="nb.native.filechooser" value="false" />
    <property name="sun.management.compiler" value="HotSpot Tiered Compilers" />
    <property name="javac.deprecation" value="false" />
    <property name="javadoc.use" value="true" />
    <property name="sun.java2d.noddraw" value="true" />
    <property name="javac.processorpath" value="/usr/local/netbeans-7.3/java/modules/ext/AbsoluteLayout.jar:/usr/local/netbeans-7.3/ide/modules/ext/mysql-connector-java-5.1.18-bin.jar" />
    <property name="javac.compilerargs" value="" />
    <property name="ant.file" value="/home/patrick/github/srs/SRS_School/build.xml" />
    <property name="libs.beans-binding.maven-pom" value="" />
    <property name="libs.beans-binding.src" value="" />
    <property name="java.vm.specification.vendor" value="Oracle Corporation" />
    <property name="libs.swing-layout.src" value="/usr/local/netbeans-7.3/platform/docs/swing-layout-1.0.4-src.zip" />
    <property name="org.openide.major.version" value="IDE/1" />
    <property name="java.vm.name" value="Java HotSpot(TM) Server VM" />
    <property name="netbeans.user" value="/home/patrick/.netbeans/7.3" />
    <property name="javadoc.additionalparam" value="" />
    <property name="java.io.tmpdir" value="/tmp" />
    <property name="java.vendor.url" value="http://java.oracle.com/" />
    <property name="endorsed.classpath.cmd.line.arg" value="" />
    <property name="junit.available" value="true" />
    <property name="org.openide.awt.ActionReference.completion" value="org.netbeans.modules.apisupport.project.layers.PathCompletions" />
    <property name="sun.boot.library.path" value="/java/jdk1.7.0_21/jre/lib/i386" />
    <property name="have.sources" value="true" />
    <property name="debug.classpath" value="/usr/local/netbeans-7.3/java/modules/ext/AbsoluteLayout.jar:/usr/local/netbeans-7.3/ide/modules/ext/mysql-connector-java-5.1.18-bin.jar:build/classes" />
    <property name="javadoc.private" value="false" />
    <property name="sun.awt.disableMixing" value="true" />
    <property name="test.src.dir" value="test" />
    <property name="ap.processors.internal" value="" />
    <property name="meta.inf.dir" value="src/META-INF" />
    <property name="javadoc.encoding.used" value="UTF-8" />
    <property name="dist.jar" value="dist/SRS_School.jar" />
    <property name="java.runtime.name" value="Java(TM) SE Runtime Environment" />
    <property name="ant.project.name" value="SRS_School" />
    <property name="netbeans.hash.code" value="unique=NB_JAVA0ae19bbd4-fd53-47e5-9e94-b52ea3ae5b1f_87f752cd-28a3-4ab7-8df0-89793e1ad267" />
    <property name="netbeans.default_userdir_root" value="/home/patrick/.netbeans" />
    <property name="manifest.available-mkdist.available" value="true" />
    <property name="sun.cpu.isalist" value="" />
    <property name="libs.CopyLibs.javadoc" value="" />
    <property name="org.openide.specification.version" value="6.2" />
    <property name="libs.hibernate-support.classpath" value="/usr/local/netbeans-7.3/java/modules/ext/hibernate/antlr-2.7.6.jar:/usr/local/netbeans-7.3/java/modules/ext/hibernate/asm.jar:/usr/local/netbeans-7.3/java/modules/ext/hibernate/asm-attrs.jar:/usr/local/netbeans-7.3/java/modules/ext/hibernate/cglib-2.1.3.jar:/usr/local/netbeans-7.3/java/modules/ext/hibernate/commons-collections-2.1.1.jar:/usr/local/netbeans-7.3/ide/modules/org-apache-commons-logging.jar:/usr/local/netbeans-7.3/java/modules/ext/hibernate/dom4j-1.6.1.jar:/usr/local/netbeans-7.3/java/modules/ext/hibernate/ehcache-1.2.3.jar:/usr/local/netbeans-7.3/java/modules/ext/hibernate/jdbc2_0-stdext.jar:/usr/local/netbeans-7.3/java/modules/ext/hibernate/jta.jar:/usr/local/netbeans-7.3/java/modules/ext/hibernate/hibernate3.jar:/usr/local/netbeans-7.3/java/modules/ext/hibernate/hibernate-tools.jar:/usr/local/netbeans-7.3/java/modules/ext/hibernate/hibernate-annotations.jar:/usr/local/netbeans-7.3/java/modules/ext/hibernate/hibernate-commons-annotations.jar:/usr/local/netbeans-7.3/java/modules/ext/hibernate/hibernate-entitymanager.jar:/usr/local/netbeans-7.3/java/modules/ext/hibernate/javassist.jar" />
    <property name="user.home" value="/home/patrick" />
    <property name="annotation.processing.processors.list" value="" />
    <property name="debug-args-line" value="-Xdebug" />
    <property name="libs.JWSAntTasks.src" value="" />
    <property name="jar.index" value="false" />
    <property name="libs.CopyLibs.maven-pom" value="" />
    <property name="libs.spring-framework300.javadoc" value="" />
    <property name="libs.hibernate-persistence.maven-pom" value="" />
    <property name="libs.absolutelayout.javadoc" value="" />
    <property name="java.specification.name" value="Java Platform API Specification" />
    <property name="do.archive+main.class.available" value="true" />
    <property name="ant.file.SRS_School-impl" value="/home/patrick/github/srs/SRS_School/nbproject/build-impl.xml" />
    <property name="ant.file.SRS_School" value="/home/patrick/github/srs/SRS_School/build.xml" />
    <property name="java.specification.vendor" value="Oracle Corporation" />
    <property name="libs.javac-api.classpath" value="/usr/local/netbeans-7.3/java/modules/ext/nb-javac-api.jar" />
    <property name="java.version" value="1.7.0_21" />
    <property name="run.jvmargs.ide" value="" />
    <property name="javadoc.version" value="false" />
    <property name="libs.MySQLDriver.javadoc" value="" />
    <property name="org.openide.version" value="deprecated" />
    <property name="source.encoding" value="UTF-8" />
    <property name="ap.cmd.line.internal" value="" />
    <property name="libs.eclipselinkmodelgen.maven-pom" value="" />
    <property name="libs.junit.maven-pom" value="" />
    <property name="libs.eclipselinkmodelgen.javadoc" value="" />
    <property name="netbeans.home+have.tests" value="true" />
    <property name="annotation.processing.processor.options" value="" />
    <property name="libs.testng.maven-pom" value="" />
    <property name="libs.jaxb.src" value="" />
    <property name="work.dir" value="/home/patrick/github/srs/SRS_School" />
    <property name="libs.jaxb.classpath" value="/usr/local/netbeans-7.3/ide/modules/ext/jaxb/jaxb-impl.jar:/usr/local/netbeans-7.3/ide/modules/ext/jaxb/jaxb-xjc.jar:/usr/local/netbeans-7.3/ide/modules/ext/jaxb/jaxb1-impl.jar:/usr/local/netbeans-7.3/ide/modules/ext/jaxb/activation.jar:/usr/local/netbeans-7.3/ide/modules/ext/jaxb/api/jaxb-api.jar:/usr/local/netbeans-7.3/ide/modules/ext/jaxb/api/jsr173_1.0_api.jar" />
    <property name="do.depend" value="false" />
    <property name="dist.javadoc.dir" value="dist/javadoc" />
    <property name="libs.swing-layout.classpath" value="/usr/local/netbeans-7.3/platform/modules/ext/swing-layout-1.0.4.jar" />
    <property name="build.generated.dir" value="build/generated" />
    <property name="javac.source" value="1.7" />
    <property name="libs.hibernate-persistence.src" value="" />
    <property name="line.separator" value="&#xa;" />
    <property name="java.specification.version" value="1.7" />
    <property name="libs.jaxws21.maven-pom" value="" />
    <property name="java.vm.info" value="mixed mode" />
    <property name="nb.junit.batch" value="true" />
    <property name="junit.forkmode" value="perTest" />
    <property name="libs.spring-framework.maven-pom" value="" />
    <property name="sun.boot.class.path" value="/java/jdk1.7.0_21/jre/lib/resources.jar:/java/jdk1.7.0_21/jre/lib/rt.jar:/java/jdk1.7.0_21/jre/lib/sunrsasign.jar:/java/jdk1.7.0_21/jre/lib/jsse.jar:/java/jdk1.7.0_21/jre/lib/jce.jar:/java/jdk1.7.0_21/jre/lib/charsets.jar:/java/jdk1.7.0_21/jre/lib/jfr.jar:/java/jdk1.7.0_21/jre/classes" />
    <property name="javac.target" value="1.7" />
    <property name="built-jar.properties" value="/home/patrick/github/srs/SRS_School/build/built-jar.properties" />
    <property name="build.test.classes.dir" value="build/test/classes" />
    <property name="src.dir" value="src" />
    <property name="annotation.processing.enabled" value="true" />
    <property name="libs.jpa20-persistence.src" value="" />
    <property name="ant.file.type.SRS_School-impl" value="file" />
    <property name="ignore.failing.tests" value="true" />
    <property name="dist.dir" value="dist" />
    <property name="do.archive+manifest.available+main.class" value="true" />
    <property name="testng.debug.mode" value="" />
    <property name="javac.fork" value="false" />
    <property name="java.awt.printerjob" value="sun.print.PSPrinterJob" />
    <property name="default.javac.source" value="1.7" />
    <property name="debug-transport-by-os" value="dt_socket" />
    <property name="libs.MySQLDriver.src" value="" />
    <property name="sun.jnu.encoding" value="UTF-8" />
    <property name="java.runtime.version" value="1.7.0_21-b11" />
    <property name="build.test.results.dir" value="build/test/results" />
    <property name="libs.ejb3-persistence.javadoc" value="" />
    <property name="manifest.available+main.class+mkdist.available" value="true" />
    <property name="jna.platform.library.path" value="/usr/lib/i386-linux-gnu:/lib/i386-linux-gnu:/usr/lib:/lib" />
    <property name="default.javac.target" value="1.7" />
    <property name="libs.junit_4.classpath" value="/usr/local/netbeans-7.3/platform/modules/ext/junit-4.10.jar" />
    <property name="user.timezone" value="" />
    <property name="nb.junit.single" value="false" />
    <property name="do.jar" value="true" />
    <property name="netbeans.dirs" value="/usr/local/netbeans-7.3/nb:/usr/local/netbeans-7.3/ergonomics:/usr/local/netbeans-7.3/ide:/usr/local/netbeans-7.3/java:/usr/local/netbeans-7.3/apisupport:/usr/local/netbeans-7.3/webcommon:/usr/local/netbeans-7.3/websvccommon:/usr/local/netbeans-7.3/enterprise:/usr/local/netbeans-7.3/mobility:/usr/local/netbeans-7.3/profiler:/usr/local/netbeans-7.3/python:/usr/local/netbeans-7.3/php:/usr/local/netbeans-7.3/identity:/usr/local/netbeans-7.3/harness:/usr/local/netbeans-7.3/cnd:/usr/local/netbeans-7.3/dlight:/usr/local/netbeans-7.3/groovy:/usr/local/netbeans-7.3/extra:/usr/local/netbeans-7.3/javacard:/usr/local/netbeans-7.3/javafx:" />
    <property name="java.ext.dirs" value="/java/jdk1.7.0_21/jre/lib/ext:/usr/java/packages/lib/ext" />
    <property name="endorsed.classpath" value="" />
    <property name="libs.absolutelayout.classpath" value="/usr/local/netbeans-7.3/java/modules/ext/AbsoluteLayout.jar" />
    <property name="excludes" value="" />
    <property name="java.class.path" value="/usr/local/netbeans-7.3/java/modules/ext/AbsoluteLayout.jar:/usr/local/netbeans-7.3/ide/modules/ext/mysql-connector-java-5.1.18-bin.jar:/home/patrick/github/srs/SRS_School/build/classes:/usr/local/netbeans-7.3/platform/modules/ext/junit-4.10.jar:/home/patrick/github/srs/SRS_School/build/test/classes:/usr/local/netbeans-7.3/java/ant/lib/ant-launcher.jar:/usr/local/netbeans-7.3/java/ant/lib/ant.jar:/usr/local/netbeans-7.3/java/ant/lib/ant-junit.jar:/usr/local/netbeans-7.3/java/ant/lib/ant-junit4.jar" />
    <property name="apple.laf.useScreenMenuBar" value="true" />
    <property name="do.mkdist" value="true" />
    <property name="libs.absolutelayout.src" value="" />
    <property name="libs.jpa20-persistence.classpath" value="/usr/local/netbeans-7.3/java/modules/ext/eclipselink/javax.persistence-2.0.3.jar" />
    <property name="os.version" value="3.5.0-31-generic" />
    <property name="application.args" value="" />
    <property name="sun.awt.enableExtraMouseButtons" value="true" />
    <property name="main.class.available" value="true" />
    <property name="sun.desktop" value="gnome" />
    <property name="libs.JAXB-ENDORSED.classpath" value="/usr/local/netbeans-7.3/ide/modules/ext/jaxb/api/jaxb-api.jar" />
    <property name="libs.eclipselink.classpath" value="/usr/local/netbeans-7.3/java/modules/ext/eclipselink/eclipselink-2.3.2.jar:/usr/local/netbeans-7.3/java/modules/ext/eclipselink/javax.persistence-2.0.3.jar:/usr/local/netbeans-7.3/java/modules/ext/eclipselink/org.eclipse.persistence.jpa.jpql_1.0.1.jar" />
    <property name="java.awt.graphicsenv" value="sun.awt.X11GraphicsEnvironment" />
    <property name="libs.beans-binding.javadoc" value="/usr/local/netbeans-7.3/java/docs/beansbinding-1.2.1-doc.zip" />
    <property name="java.vm.vendor" value="Oracle Corporation" />
    <property name="libs.CopyLibs.classpath" value="/usr/local/netbeans-7.3/java/ant/extra/org-netbeans-modules-java-j2seproject-copylibstask.jar" />
    <property name="libs.spring-framework300.classpath" value="/usr/local/netbeans-7.3/ide/modules/org-apache-commons-logging.jar:/usr/local/netbeans-7.3/java/modules/ext/cglib-2.2.jar:/usr/local/netbeans-7.3/java/modules/ext/spring-3.0/spring-aop-3.1.1.RELEASE.jar:/usr/local/netbeans-7.3/java/modules/ext/spring-3.0/spring-asm-3.1.1.RELEASE.jar:/usr/local/netbeans-7.3/java/modules/ext/spring-3.0/spring-aspects-3.1.1.RELEASE.jar:/usr/local/netbeans-7.3/java/modules/ext/spring-3.0/spring-beans-3.1.1.RELEASE.jar:/usr/local/netbeans-7.3/java/modules/ext/spring-3.0/spring-context-3.1.1.RELEASE.jar:/usr/local/netbeans-7.3/java/modules/ext/spring-3.0/spring-context-support-3.1.1.RELEASE.jar:/usr/local/netbeans-7.3/java/modules/ext/spring-3.0/spring-core-3.1.1.RELEASE.jar:/usr/local/netbeans-7.3/java/modules/ext/spring-3.0/spring-expression-3.1.1.RELEASE.jar:/usr/local/netbeans-7.3/java/modules/ext/spring-3.0/spring-instrument-3.1.1.RELEASE.jar:/usr/local/netbeans-7.3/java/modules/ext/spring-3.0/spring-instrument-tomcat-3.1.1.RELEASE.jar:/usr/local/netbeans-7.3/java/modules/ext/spring-3.0/spring-jdbc-3.1.1.RELEASE.jar:/usr/local/netbeans-7.3/java/modules/ext/spring-3.0/spring-jms-3.1.1.RELEASE.jar:/usr/local/netbeans-7.3/java/modules/ext/spring-3.0/spring-orm-3.1.1.RELEASE.jar:/usr/local/netbeans-7.3/java/modules/ext/spring-3.0/spring-oxm-3.1.1.RELEASE.jar:/usr/local/netbeans-7.3/java/modules/ext/spring-3.0/spring-test-3.1.1.RELEASE.jar:/usr/local/netbeans-7.3/java/modules/ext/spring-3.0/spring-tx-3.1.1.RELEASE.jar:/usr/local/netbeans-7.3/java/modules/ext/spring-3.0/spring-web-3.1.1.RELEASE.jar:/usr/local/netbeans-7.3/java/modules/ext/spring-3.0/spring-webmvc-portlet-3.1.1.RELEASE.jar:/usr/local/netbeans-7.3/java/modules/ext/spring-3.0/spring-webmvc-3.1.1.RELEASE.jar:/usr/local/netbeans-7.3/java/modules/ext/spring-3.0/spring-struts-3.1.1.RELEASE.jar" />
    <property name="run.jvmargs" value="" />
    <property name="libs.ejb3-persistence.classpath" value="/usr/local/netbeans-7.3/java/modules/ext/hibernate/ejb3-persistence.jar" />
    <property name="libs.spring-framework.javadoc" value="" />
    <property name="libs.JAXB-ENDORSED.src" value="" />
    <property name="libs.testng.javadoc" value="/usr/local/netbeans-7.3/platform/docs/testng-6.5.1-javadoc.zip" />
    <property name="libs.PostgreSQLDriver.classpath" value="/usr/local/netbeans-7.3/ide/modules/ext/postgresql-9.1-901.jdbc4.jar" />
    <property name="libs.junit.src" value="" />
    <property name="annotation.processing.source.output" value="build/generated-sources/ap-source-output" />
    <property name="main.class" value="dk.pop.srs.SRS" />
    <property name="libs.CopyLibs.src" value="" />
    <property name="build.dir" value="build" />
    <property name="ant.version" value="Apache Ant(TM) version 1.8.4 compiled on May 22 2012" />
    <property name="file.encoding" value="UTF-8" />
    <property name="build.classes.excludes" value="**/*.java,**/*.form" />
    <property name="jdkBug6558476" value="false" />
    <property name="javadoc.nonavbar" value="false" />
    <property name="platform.active" value="default_platform" />
    <property name="awt.toolkit" value="sun.awt.X11.XToolkit" />
    <property name="" value="======" />
  </properties>
  <testcase classname="dk.pop.srs.sag.SagsKatalogTest" name="testSletSag" time="0.004">
    <error type="java.lang.NullPointerException">java.lang.NullPointerException
	at dk.pop.srs.sag.SagsKatalogTest.testSletSag(SagsKatalogTest.java:153)
</error>
  </testcase>
  <testcase classname="dk.pop.srs.sag.SagsKatalogTest" name="testSogCPR" time="0.001">
    <error type="java.lang.NullPointerException">java.lang.NullPointerException
	at dk.pop.srs.sag.SagsKatalogTest.testSogCPR(SagsKatalogTest.java:168)
</error>
  </testcase>
  <testcase classname="dk.pop.srs.sag.SagsKatalogTest" name="testGemSag" time="0.002">
    <error type="java.lang.NullPointerException">java.lang.NullPointerException
	at dk.pop.srs.sag.SagsKatalog.gemSag(SagsKatalog.java:53)
	at dk.pop.srs.sag.SagsKatalogTest.testGemSag(SagsKatalogTest.java:113)
</error>
  </testcase>
  <testcase classname="dk.pop.srs.sag.SagsKatalogTest" name="testRegistrerSag" time="0.001">
    <error type="java.lang.NullPointerException">java.lang.NullPointerException
	at dk.pop.srs.sag.SagsKatalogTest.testRegistrerSag(SagsKatalogTest.java:140)
</error>
  </testcase>
  <system-out><![CDATA[root rollercoaster jdbc:mysql://localhost:3306/srs
sletSag
sogCPR
gemSag
registrerSag
]]></system-out>
  <system-err><![CDATA[maj 30, 2013 10:50:55 AM dk.pop.srs.sag.SagsKatalogTest setUpClass
SEVERE: null
com.mysql.jdbc.exceptions.jdbc4.MySQLSyntaxErrorException: Unknown column 'BetalingNavn' in 'field list'
	at sun.reflect.NativeConstructorAccessorImpl.newInstance0(Native Method)
	at sun.reflect.NativeConstructorAccessorImpl.newInstance(NativeConstructorAccessorImpl.java:57)
	at sun.reflect.DelegatingConstructorAccessorImpl.newInstance(DelegatingConstructorAccessorImpl.java:45)
	at java.lang.reflect.Constructor.newInstance(Constructor.java:525)
	at com.mysql.jdbc.Util.handleNewInstance(Util.java:411)
	at com.mysql.jdbc.Util.getInstance(Util.java:386)
	at com.mysql.jdbc.SQLError.createSQLException(SQLError.java:1052)
	at com.mysql.jdbc.MysqlIO.checkErrorPacket(MysqlIO.java:3609)
	at com.mysql.jdbc.MysqlIO.checkErrorPacket(MysqlIO.java:3541)
	at com.mysql.jdbc.MysqlIO.sendCommand(MysqlIO.java:2002)
	at com.mysql.jdbc.MysqlIO.sqlQueryDirect(MysqlIO.java:2163)
	at com.mysql.jdbc.ConnectionImpl.execSQL(ConnectionImpl.java:2618)
	at com.mysql.jdbc.ConnectionImpl.execSQL(ConnectionImpl.java:2568)
	at com.mysql.jdbc.StatementImpl.execute(StatementImpl.java:842)
	at com.mysql.jdbc.StatementImpl.execute(StatementImpl.java:681)
	at dk.pop.srs.sag.SagsKatalogTest.setUpClass(SagsKatalogTest.java:79)
	at sun.reflect.NativeMethodAccessorImpl.invoke0(Native Method)
	at sun.reflect.NativeMethodAccessorImpl.invoke(NativeMethodAccessorImpl.java:57)
	at sun.reflect.DelegatingMethodAccessorImpl.invoke(DelegatingMethodAccessorImpl.java:43)
	at java.lang.reflect.Method.invoke(Method.java:601)
	at org.junit.runners.model.FrameworkMethod$1.runReflectiveCall(FrameworkMethod.java:45)
	at org.junit.internal.runners.model.ReflectiveCallable.run(ReflectiveCallable.java:15)
	at org.junit.runners.model.FrameworkMethod.invokeExplosively(FrameworkMethod.java:42)
	at org.junit.internal.runners.statements.RunBefores.evaluate(RunBefores.java:27)
	at org.junit.internal.runners.statements.RunAfters.evaluate(RunAfters.java:30)
	at org.junit.runners.ParentRunner.run(ParentRunner.java:300)
	at junit.framework.JUnit4TestAdapter.run(JUnit4TestAdapter.java:39)
	at org.apache.tools.ant.taskdefs.optional.junit.JUnitTestRunner.run(JUnitTestRunner.java:520)
	at org.apache.tools.ant.taskdefs.optional.junit.JUnitTestRunner.launch(JUnitTestRunner.java:1060)
	at org.apache.tools.ant.taskdefs.optional.junit.JUnitTestRunner.main(JUnitTestRunner.java:911)

]]></system-err>
</testsuite>
